1575375361.946369 client started (29827): version 3.0a, socket /private/tmp/tmux-501/default, protocol 8
1575375361.946426 on Darwin 17.7.0 Darwin Kernel Version 17.7.0: Thu Jun 21 22:59:54 PDT 2018; root:xnu-4570.71.2~2/RELEASE_X86_64; libevent 2.1.11-stable (select)
1575375361.946477 socket is /private/tmp/tmux-501/default
1575375361.946506 trying connect
1575375361.946608 add peer 0x7f8110010600: 6 (0x0)
1575375361.948282 sending message 100 to peer 0x7f8110010600 (4 bytes)
1575375361.948305 sending message 101 to peer 0x7f8110010600 (16 bytes)
1575375361.948318 sending message 102 to peer 0x7f8110010600 (13 bytes)
1575375361.948330 sending message 108 to peer 0x7f8110010600 (27 bytes)
1575375361.948355 sending message 104 to peer 0x7f8110010600 (0 bytes)
1575375361.948365 sending message 107 to peer 0x7f8110010600 (4 bytes)
1575375361.948374 sending message 105 to peer 0x7f8110010600 (76 bytes)
1575375361.948382 sending message 105 to peer 0x7f8110010600 (12 bytes)
1575375361.948391 sending message 105 to peer 0x7f8110010600 (23 bytes)
1575375361.948399 sending message 105 to peer 0x7f8110010600 (75 bytes)
1575375361.948408 sending message 105 to peer 0x7f8110010600 (17 bytes)
1575375361.948416 sending message 105 to peer 0x7f8110010600 (8 bytes)
1575375361.948424 sending message 105 to peer 0x7f8110010600 (25 bytes)
1575375361.948432 sending message 105 to peer 0x7f8110010600 (30 bytes)
1575375361.948441 sending message 105 to peer 0x7f8110010600 (21 bytes)
1575375361.948451 sending message 105 to peer 0x7f8110010600 (21 bytes)
1575375361.948460 sending message 105 to peer 0x7f8110010600 (25 bytes)
1575375361.948470 sending message 105 to peer 0x7f8110010600 (21 bytes)
1575375361.948481 sending message 105 to peer 0x7f8110010600 (31 bytes)
1575375361.948492 sending message 105 to peer 0x7f8110010600 (19 bytes)
1575375361.948512 sending message 105 to peer 0x7f8110010600 (32 bytes)
1575375361.948523 sending message 105 to peer 0x7f8110010600 (34 bytes)
1575375361.948533 sending message 105 to peer 0x7f8110010600 (11 bytes)
1575375361.948542 sending message 105 to peer 0x7f8110010600 (505 bytes)
1575375361.948555 sending message 105 to peer 0x7f8110010600 (31 bytes)
1575375361.948565 sending message 105 to peer 0x7f8110010600 (26 bytes)
1575375361.948586 sending message 105 to peer 0x7f8110010600 (15 bytes)
1575375361.948598 sending message 105 to peer 0x7f8110010600 (8 bytes)
1575375361.948613 sending message 105 to peer 0x7f8110010600 (75 bytes)
1575375361.948626 sending message 105 to peer 0x7f8110010600 (25 bytes)
1575375361.948641 sending message 105 to peer 0x7f8110010600 (66 bytes)
1575375361.948654 sending message 105 to peer 0x7f8110010600 (21 bytes)
1575375361.948668 sending message 105 to peer 0x7f8110010600 (28 bytes)
1575375361.948682 sending message 105 to peer 0x7f8110010600 (25 bytes)
1575375361.948694 sending message 105 to peer 0x7f8110010600 (53 bytes)
1575375361.948706 sending message 105 to peer 0x7f8110010600 (57 bytes)
1575375361.948720 sending message 105 to peer 0x7f8110010600 (43 bytes)
1575375361.948734 sending message 105 to peer 0x7f8110010600 (13 bytes)
1575375361.948748 sending message 105 to peer 0x7f8110010600 (16 bytes)
1575375361.948761 sending message 105 to peer 0x7f8110010600 (26 bytes)
1575375361.948774 sending message 105 to peer 0x7f8110010600 (14 bytes)
1575375361.948786 sending message 105 to peer 0x7f8110010600 (19 bytes)
1575375361.948799 sending message 105 to peer 0x7f8110010600 (33 bytes)
1575375361.948813 sending message 105 to peer 0x7f8110010600 (109 bytes)
1575375361.948827 sending message 105 to peer 0x7f8110010600 (22 bytes)
1575375361.948843 sending message 106 to peer 0x7f8110010600 (0 bytes)
1575375361.948857 sending message 200 to peer 0x7f8110010600 (4 bytes)
1575375361.948868 client loop enter
1575375361.949166 peer 0x7f8110010600 message 211
1575375361.949187 client_write: sessions should be nested with care, unset $TMUX to force\n
1575375361.949214 peer 0x7f8110010600 message 203
1575375361.949225 client loop exit
